<?xml version="1.0" encoding="UTF-8"?>
<testng-results ignored="0" total="2" passed="2" failed="0" skipped="0">
  <reporter-output>
  </reporter-output>
  <suite started-at="2024-01-18T19:52:43 IST" name="Default suite" finished-at="2024-01-18T19:54:08 IST" duration-ms="85223">
    <groups>
      <group name="cucumber">
        <method signature="AbstractTestNGCucumberTests.runScenario(io.cucumber.testng.PickleWrapper,io.cucumber.testng.FeatureWrapper)[pri:0, instance:runner.TestNGRunner@4c402120]" name="runScenario" class="io.cucumber.testng.AbstractTestNGCucumberTests"/>
      </group> <!-- cucumber -->
    </groups>
    <test started-at="2024-01-18T19:52:43 IST" name="Default test" finished-at="2024-01-18T19:54:08 IST" duration-ms="85223">
      <class name="runner.TestNGRunner">
        <test-method is-config="true" signature="setUpClass(org.testng.ITestContext)[pri:0, instance:runner.TestNGRunner@4c402120]" started-at="2024-01-18T19:52:43 IST" name="setUpClass" finished-at="2024-01-18T19:52:43 IST" duration-ms="538" status="PASS">
          <params>
            <param index="0">
              <value>
                <![CDATA[org.testng.TestRunner@fbe70d8]]>
              </value>
            </param>
          </params>
          <reporter-output>
          </reporter-output>
        </test-method> <!-- setUpClass -->
        <test-method signature="runScenario(io.cucumber.testng.PickleWrapper,io.cucumber.testng.FeatureWrapper)[pri:0, instance:runner.TestNGRunner@4c402120]" started-at="2024-01-18T19:52:43 IST" name="runScenario" description="Runs Cucumber Scenarios" data-provider="scenarios" finished-at="2024-01-18T19:53:24 IST" duration-ms="41026" status="PASS">
          <params>
            <param index="0">
              <value>
                <![CDATA["user perform withdraw Test"]]>
              </value>
            </param>
            <param index="1">
              <value>
                <![CDATA["Login page"]]>
              </value>
            </param>
          </params>
          <reporter-output>
          </reporter-output>
        </test-method> <!-- runScenario -->
        <test-method signature="runScenario(io.cucumber.testng.PickleWrapper,io.cucumber.testng.FeatureWrapper)[pri:0, instance:runner.TestNGRunner@4c402120]" started-at="2024-01-18T19:53:24 IST" name="runScenario" description="Runs Cucumber Scenarios" data-provider="scenarios" finished-at="2024-01-18T19:54:08 IST" duration-ms="43599" status="PASS">
          <params>
            <param index="0">
              <value>
                <![CDATA["user perform withdraw Test"]]>
              </value>
            </param>
            <param index="1">
              <value>
                <![CDATA["Login page"]]>
              </value>
            </param>
          </params>
          <reporter-output>
          </reporter-output>
        </test-method> <!-- runScenario -->
        <test-method is-config="true" signature="tearDownClass()[pri:0, instance:runner.TestNGRunner@4c402120]" started-at="2024-01-18T19:54:08 IST" name="tearDownClass" finished-at="2024-01-18T19:54:08 IST" duration-ms="25" status="PASS">
          <reporter-output>
          </reporter-output>
        </test-method> <!-- tearDownClass -->
      </class> <!-- runner.TestNGRunner -->
    </test> <!-- Default test -->
  </suite> <!-- Default suite -->
</testng-results>
